2025-05-16 17:21:39:2139 [32minfo[39m: [32mserver is listening on port [39m
2025-05-16 17:22:10:2210 [32minfo[39m: [32mserver is listening on port [39m
2025-05-16 17:22:27:2227 [32minfo[39m: [32mserver is listening on port [39m
2025-05-16 17:23:04:234 [32minfo[39m: [32mserver is listening on port [39m
2025-05-16 17:23:20:2320 [32minfo[39m: [32mserver is listening on port [39m
2025-05-16 17:23:34:2334 [32minfo[39m: [32mserver is listening on port [39m
2025-05-16 17:23:53:2353 [32minfo[39m: [32mserver is listening on port 5000[39m
2025-05-16 17:34:32:3432 [32minfo[39m: [32mserver is listening on port 5000[39m
2025-05-16 17:49:32:4932 [32minfo[39m: [32mserver is listening on port 5000[39m
2025-05-16 17:53:47:5347 [32minfo[39m: [32mserver is listening on port 5000[39m
2025-05-18 23:36:51:3651 [32minfo[39m: [32mConnected to MongoDB[39m
2025-05-18 23:36:51:3651 [32minfo[39m: [32mServer is listening on port 5000[39m
2025-05-19 10:53:01:531 [32minfo[39m: [32mConnected to MongoDB[39m
2025-05-19 10:53:32:5332 [32minfo[39m: [32mConnected to MongoDB[39m
2025-05-19 10:53:32:5332 [32minfo[39m: [32mServer is listening on port 5001[39m
2025-05-19 10:56:06:566 [32minfo[39m: [32mConnected to MongoDB[39m
2025-05-19 10:56:06:566 [32minfo[39m: [32mServer is listening on port 5001[39m
2025-05-19 10:57:49:5749 [32minfo[39m: [32mGET /api-docs[39m
2025-05-19 10:57:49:5749 [32minfo[39m: [32mGET /api-docs/[39m
2025-05-19 10:57:49:5749 [32minfo[39m: [32mGET /api-docs/swagger-ui.css[39m
2025-05-19 10:57:49:5749 [32minfo[39m: [32mGET /api-docs/swagger-ui-bundle.js[39m
2025-05-19 10:57:49:5749 [32minfo[39m: [32mGET /api-docs/swagger-ui-standalone-preset.js[39m
2025-05-19 10:57:49:5749 [32minfo[39m: [32mGET /api-docs/swagger-ui-init.js[39m
2025-05-19 10:57:49:5749 [32minfo[39m: [32mGET /api-docs/favicon-32x32.png[39m
2025-05-19 11:26:35:2635 [32minfo[39m: [32mPOST /auth/register[39m
2025-05-19 11:27:53:2753 [32minfo[39m: [32mPOST /auth/register[39m
2025-05-19 11:32:00:320 [32minfo[39m: [32mPOST /auth/login[39m
2025-05-19 11:33:03:333 [32minfo[39m: [32mPOST /auth/register[39m
2025-05-19 11:33:56:3356 [32minfo[39m: [32mPOST /auth/register[39m
2025-05-19 11:37:10:3710 [32minfo[39m: [32mGET /users/me[39m
2025-05-19 11:49:04:494 [32minfo[39m: [32mConnected to MongoDB[39m
2025-05-19 11:49:04:494 [32minfo[39m: [32mServer is listening on port 5001[39m
2025-05-19 12:00:14:014 [32minfo[39m: [32mConnected to MongoDB[39m
2025-05-19 12:00:14:014 [32minfo[39m: [32mServer is listening on port 5001[39m
2025-05-19 12:01:47:147 [32minfo[39m: [32mConnected to MongoDB[39m
2025-05-19 12:01:47:147 [32minfo[39m: [32mServer is listening on port 5001[39m
2025-05-19 12:02:32:232 [32minfo[39m: [32mReceived shutdown signal, closing server...[39m
2025-05-19 12:03:36:336 [32minfo[39m: [32mConnected to MongoDB[39m
2025-05-19 12:03:36:336 [32minfo[39m: [32mServer is listening on port 5001[39m
2025-05-19 12:03:41:341 [32minfo[39m: [32mGET /api-docs/[39m
2025-05-19 12:03:41:341 [32minfo[39m: [32mGET /api-docs/swagger-ui.css[39m
2025-05-19 12:03:41:341 [32minfo[39m: [32mGET /api-docs/swagger-ui-bundle.js[39m
2025-05-19 12:03:41:341 [32minfo[39m: [32mGET /api-docs/swagger-ui-standalone-preset.js[39m
2025-05-19 12:03:41:341 [32minfo[39m: [32mGET /api-docs/swagger-ui-init.js[39m
2025-05-19 12:03:41:341 [32minfo[39m: [32mGET /api-docs/favicon-32x32.png[39m
2025-05-19 12:10:44:1044 [32minfo[39m: [32mPOST /auth/login[39m
2025-05-19 12:11:13:1113 [32minfo[39m: [32mGET /users/me[39m
2025-05-19 12:11:40:1140 [32minfo[39m: [32mPOST /auth/login[39m
2025-05-19 12:12:15:1215 [32minfo[39m: [32mPOST /auth/login[39m
2025-05-19 12:13:25:1325 [32minfo[39m: [32mGET /users/me[39m
2025-05-19 12:13:41:1341 [32minfo[39m: [32mPOST /auth/login[39m
2025-05-19 12:13:55:1355 [32minfo[39m: [32mGET /users/me[39m
2025-05-19 12:20:03:203 [32minfo[39m: [32mPOST /auth/login[39m
2025-05-19 12:21:25:2125 [32minfo[39m: [32mGET /api-docs/[39m
2025-05-19 12:21:25:2125 [32minfo[39m: [32mGET /api-docs/swagger-ui.css[39m
2025-05-19 12:21:25:2125 [32minfo[39m: [32mGET /api-docs/swagger-ui-bundle.js[39m
2025-05-19 12:21:25:2125 [32minfo[39m: [32mGET /api-docs/swagger-ui-standalone-preset.js[39m
2025-05-19 12:21:25:2125 [32minfo[39m: [32mGET /api-docs/swagger-ui-init.js[39m
2025-05-19 12:21:25:2125 [32minfo[39m: [32mGET /api-docs/favicon-32x32.png[39m
2025-05-19 12:22:10:2210 [32minfo[39m: [32mPOST /auth/login[39m
2025-05-19 12:22:44:2244 [32minfo[39m: [32mGET /users/me[39m
2025-05-19 12:24:18:2418 [32minfo[39m: [32mConnected to MongoDB[39m
2025-05-19 12:24:18:2418 [32minfo[39m: [32mServer is listening on port 5001[39m
2025-05-19 12:24:29:2429 [32minfo[39m: [32mConnected to MongoDB[39m
2025-05-19 12:24:29:2429 [32minfo[39m: [32mServer is listening on port 5001[39m
2025-05-19 12:24:36:2436 [32minfo[39m: [32mConnected to MongoDB[39m
2025-05-19 12:24:36:2436 [32minfo[39m: [32mServer is listening on port 5001[39m
2025-05-19 12:24:41:2441 [32minfo[39m: [32mConnected to MongoDB[39m
2025-05-19 12:24:41:2441 [32minfo[39m: [32mServer is listening on port 5001[39m
2025-05-19 12:24:45:2445 [32minfo[39m: [32mConnected to MongoDB[39m
2025-05-19 12:24:45:2445 [32minfo[39m: [32mServer is listening on port 5001[39m
2025-05-19 12:24:51:2451 [32minfo[39m: [32mConnected to MongoDB[39m
2025-05-19 12:24:51:2451 [32minfo[39m: [32mServer is listening on port 5001[39m
2025-05-19 12:24:56:2456 [32minfo[39m: [32mGET /users/me[39m
2025-05-19 12:31:40:3140 [32minfo[39m: [32mPOST /auth/login[39m
2025-05-19 12:32:07:327 [32minfo[39m: [32mGET /users/me[39m
2025-05-19 12:35:53:3553 [32minfo[39m: [32mConnected to MongoDB[39m
2025-05-19 12:35:53:3553 [32minfo[39m: [32mServer is listening on port 5001[39m
2025-05-19 12:43:24:4324 [32minfo[39m: [32mConnected to MongoDB[39m
2025-05-19 12:43:24:4324 [32minfo[39m: [32mServer is listening on port 5001[39m
2025-05-19 12:43:37:4337 [32minfo[39m: [32mConnected to MongoDB[39m
2025-05-19 12:43:37:4337 [32minfo[39m: [32mServer is listening on port 5001[39m
2025-05-19 12:43:42:4342 [32minfo[39m: [32mConnected to MongoDB[39m
2025-05-19 12:43:42:4342 [32minfo[39m: [32mServer is listening on port 5001[39m
2025-05-19 12:43:44:4344 [32minfo[39m: [32mConnected to MongoDB[39m
2025-05-19 12:43:44:4344 [32minfo[39m: [32mServer is listening on port 5001[39m
2025-05-19 12:43:49:4349 [32minfo[39m: [32mConnected to MongoDB[39m
2025-05-19 12:43:49:4349 [32minfo[39m: [32mServer is listening on port 5001[39m
2025-05-19 12:44:59:4459 [32minfo[39m: [32mConnected to MongoDB[39m
2025-05-19 12:44:59:4459 [32minfo[39m: [32mServer is listening on port 5001[39m
2025-05-19 12:47:15:4715 [32minfo[39m: [32mConnected to MongoDB[39m
2025-05-19 12:47:15:4715 [32minfo[39m: [32mServer is listening on port 5001[39m
2025-05-19 12:47:38:4738 [32minfo[39m: [32mConnected to MongoDB[39m
2025-05-19 12:47:38:4738 [32minfo[39m: [32mServer is listening on port 5001[39m
2025-05-19 12:47:49:4749 [32minfo[39m: [32mConnected to MongoDB[39m
2025-05-19 12:47:49:4749 [32minfo[39m: [32mServer is listening on port 5001[39m
2025-05-19 12:47:56:4756 [32minfo[39m: [32mConnected to MongoDB[39m
2025-05-19 12:47:56:4756 [32minfo[39m: [32mServer is listening on port 5001[39m
2025-05-19 12:48:26:4826 [32minfo[39m: [32mConnected to MongoDB[39m
2025-05-19 12:48:26:4826 [32minfo[39m: [32mServer is listening on port 5001[39m
2025-05-19 12:48:59:4859 [32minfo[39m: [32mConnected to MongoDB[39m
2025-05-19 12:48:59:4859 [32minfo[39m: [32mServer is listening on port 5001[39m
2025-05-19 12:50:22:5022 [32minfo[39m: [32mConnected to MongoDB[39m
2025-05-19 12:50:22:5022 [32minfo[39m: [32mServer is listening on port 5001[39m
2025-05-19 12:52:03:523 [32minfo[39m: [32mPOST /auth/login[39m
2025-05-19 12:52:20:5220 [32minfo[39m: [32mGET /users/me[39m
2025-05-19 12:53:06:536 [32minfo[39m: [32mConnected to MongoDB[39m
2025-05-19 12:53:06:536 [32minfo[39m: [32mServer is listening on port 5001[39m
2025-05-19 12:53:09:539 [32minfo[39m: [32mConnected to MongoDB[39m
2025-05-19 12:53:09:539 [32minfo[39m: [32mServer is listening on port 5001[39m
2025-05-19 12:53:45:5345 [32minfo[39m: [32mConnected to MongoDB[39m
2025-05-19 12:53:45:5345 [32minfo[39m: [32mServer is listening on port 5001[39m
2025-05-19 12:53:51:5351 [32minfo[39m: [32mConnected to MongoDB[39m
2025-05-19 12:53:51:5351 [32minfo[39m: [32mServer is listening on port 5001[39m
2025-05-19 12:53:56:5356 [32minfo[39m: [32mGET /users/me[39m
2025-05-19 12:54:18:5418 [32minfo[39m: [32mConnected to MongoDB[39m
2025-05-19 12:54:18:5418 [32minfo[39m: [32mServer is listening on port 5001[39m
2025-05-19 12:54:24:5424 [32minfo[39m: [32mConnected to MongoDB[39m
2025-05-19 12:54:24:5424 [32minfo[39m: [32mServer is listening on port 5001[39m
2025-05-19 12:54:28:5428 [32minfo[39m: [32mGET /users/me[39m
2025-05-19 12:54:42:5442 [32minfo[39m: [32mConnected to MongoDB[39m
2025-05-19 12:54:42:5442 [32minfo[39m: [32mServer is listening on port 5001[39m
2025-05-19 12:54:46:5446 [32minfo[39m: [32mGET /users/me[39m
2025-05-19 12:59:30:5930 [32minfo[39m: [32mConnected to MongoDB[39m
2025-05-19 12:59:30:5930 [32minfo[39m: [32mServer is listening on port 5001[39m
2025-05-19 12:59:32:5932 [32minfo[39m: [32mConnected to MongoDB[39m
2025-05-19 12:59:32:5932 [32minfo[39m: [32mServer is listening on port 5001[39m
2025-05-19 12:59:43:5943 [32minfo[39m: [32mConnected to MongoDB[39m
2025-05-19 12:59:43:5943 [32minfo[39m: [32mServer is listening on port 5001[39m
2025-05-19 13:01:06:16 [32minfo[39m: [32mConnected to MongoDB[39m
2025-05-19 13:01:06:16 [32minfo[39m: [32mServer is listening on port 5001[39m
2025-05-19 13:01:08:18 [32minfo[39m: [32mConnected to MongoDB[39m
2025-05-19 13:01:08:18 [32minfo[39m: [32mServer is listening on port 5001[39m
2025-05-19 13:01:23:123 [32minfo[39m: [32mPOST /auth/login[39m
2025-05-19 13:01:35:135 [32minfo[39m: [32mPOST /auth/login[39m
2025-05-19 13:02:15:215 [32minfo[39m: [32mGET /users/me[39m
2025-05-19 13:04:12:412 [32minfo[39m: [32mPOST /auth/login[39m
2025-05-19 13:07:17:717 [32minfo[39m: [32mConnected to MongoDB[39m
2025-05-19 13:07:17:717 [32minfo[39m: [32mServer is listening on port 5001[39m
2025-05-19 13:07:45:745 [32minfo[39m: [32mPOST /auth/logout[39m
2025-05-19 13:16:49:1649 [32minfo[39m: [32mConnected to MongoDB[39m
2025-05-19 13:16:49:1649 [32minfo[39m: [32mServer is listening on port 5001[39m
2025-05-19 13:17:03:173 [32minfo[39m: [32mPOST /auth/logout[39m
2025-05-19 14:15:10:1510 [32minfo[39m: [32mConnected to MongoDB[39m
2025-05-19 14:15:10:1510 [32minfo[39m: [32mServer is listening on port 5001[39m
2025-05-19 14:15:13:1513 [32minfo[39m: [32mConnected to MongoDB[39m
2025-05-19 14:15:13:1513 [32minfo[39m: [32mServer is listening on port 5001[39m
2025-05-19 14:15:39:1539 [32minfo[39m: [32mConnected to MongoDB[39m
2025-05-19 14:15:39:1539 [32minfo[39m: [32mServer is listening on port 5001[39m
2025-05-19 14:16:37:1637 [32minfo[39m: [32mConnected to MongoDB[39m
2025-05-19 14:16:37:1637 [32minfo[39m: [32mServer is listening on port 5001[39m
2025-05-19 14:17:35:1735 [32minfo[39m: [32mConnected to MongoDB[39m
2025-05-19 14:17:35:1735 [32minfo[39m: [32mServer is listening on port 5001[39m
2025-05-19 14:17:46:1746 [32minfo[39m: [32mConnected to MongoDB[39m
2025-05-19 14:17:46:1746 [32minfo[39m: [32mServer is listening on port 5001[39m
2025-05-19 14:18:50:1850 [32minfo[39m: [32mPOST /auth/login[39m
2025-05-19 14:19:50:1950 [32minfo[39m: [32mConnected to MongoDB[39m
2025-05-19 14:19:50:1950 [32minfo[39m: [32mServer is listening on port 5001[39m
2025-05-19 14:19:54:1954 [32minfo[39m: [32mConnected to MongoDB[39m
2025-05-19 14:19:54:1954 [32minfo[39m: [32mServer is listening on port 5001[39m
2025-05-19 14:20:08:208 [32minfo[39m: [32mPOST /auth/login[39m
2025-05-19 14:20:39:2039 [32minfo[39m: [32mGET /users/me[39m
2025-05-19 14:21:06:216 [32minfo[39m: [32mGET /users/me[39m
2025-05-19 14:21:55:2155 [32minfo[39m: [32mConnected to MongoDB[39m
2025-05-19 14:21:55:2155 [32minfo[39m: [32mServer is listening on port 5001[39m
2025-05-19 14:25:06:256 [32minfo[39m: [32mGET /users/search/test[39m
2025-05-19 14:27:32:2732 [32minfo[39m: [32mConnected to MongoDB[39m
2025-05-19 14:27:32:2732 [32minfo[39m: [32mServer is listening on port 5001[39m
2025-05-19 14:27:51:2751 [32minfo[39m: [32mConnected to MongoDB[39m
2025-05-19 14:27:51:2751 [32minfo[39m: [32mServer is listening on port 5001[39m
2025-05-19 14:30:46:3046 [32minfo[39m: [32mConnected to MongoDB[39m
2025-05-19 14:30:46:3046 [32minfo[39m: [32mServer is listening on port 5001[39m
2025-05-19 14:31:04:314 [32minfo[39m: [32mPOST /auth/login[39m
2025-05-19 14:31:34:3134 [32minfo[39m: [32mGET /users/me[39m
2025-05-19 14:32:05:325 [32minfo[39m: [32mGET /users/me[39m
2025-05-19 14:34:45:3445 [32minfo[39m: [32mConnected to MongoDB[39m
2025-05-19 14:34:45:3445 [32minfo[39m: [32mServer is listening on port 5001[39m
2025-05-19 14:34:58:3458 [32minfo[39m: [32mConnected to MongoDB[39m
2025-05-19 14:34:58:3458 [32minfo[39m: [32mServer is listening on port 5001[39m
2025-05-19 14:35:03:353 [32minfo[39m: [32mGET /users/me[39m
2025-05-19 14:35:30:3530 [32minfo[39m: [32mPOST /auth/logout[39m
2025-05-19 14:35:38:3538 [32minfo[39m: [32mPOST /auth/login[39m
2025-05-19 14:36:10:3610 [32minfo[39m: [32mGET /users/me[39m
2025-05-19 14:51:22:5122 [32minfo[39m: [32mConnected to MongoDB[39m
2025-05-19 14:51:22:5122 [32minfo[39m: [32mServer is listening on port 5001[39m
2025-05-19 14:51:24:5124 [32minfo[39m: [32mConnected to MongoDB[39m
2025-05-19 14:51:24:5124 [32minfo[39m: [32mServer is listening on port 5001[39m
2025-05-19 14:51:27:5127 [32minfo[39m: [32mConnected to MongoDB[39m
2025-05-19 14:51:27:5127 [32minfo[39m: [32mServer is listening on port 5001[39m
2025-05-19 14:51:59:5159 [32minfo[39m: [32mGET /users/me[39m
2025-05-19 14:52:17:5217 [32minfo[39m: [32mGET /users/682ac813d9288723d37f8015[39m
2025-05-19 14:53:13:5313 [32minfo[39m: [32mConnected to MongoDB[39m
2025-05-19 14:53:13:5313 [32minfo[39m: [32mServer is listening on port 5001[39m
2025-05-19 14:53:25:5325 [32minfo[39m: [32mGET /users/search/test[39m
2025-05-19 17:29:44:2944 [32minfo[39m: [32mConnected to MongoDB[39m
2025-05-19 17:29:44:2944 [32minfo[39m: [32mServer is listening on port 5001[39m
2025-05-19 17:29:49:2949 [32minfo[39m: [32mConnected to MongoDB[39m
2025-05-19 17:29:49:2949 [32minfo[39m: [32mServer is listening on port 5001[39m
2025-05-19 17:29:51:2951 [32minfo[39m: [32mConnected to MongoDB[39m
2025-05-19 17:29:51:2951 [32minfo[39m: [32mServer is listening on port 5001[39m
2025-05-19 17:30:01:301 [32minfo[39m: [32mConnected to MongoDB[39m
2025-05-19 17:30:01:301 [32minfo[39m: [32mServer is listening on port 5001[39m
2025-05-19 17:30:05:305 [32minfo[39m: [32mConnected to MongoDB[39m
2025-05-19 17:30:05:305 [32minfo[39m: [32mServer is listening on port 5001[39m
2025-05-19 17:30:07:307 [32minfo[39m: [32mConnected to MongoDB[39m
2025-05-19 17:30:07:307 [32minfo[39m: [32mServer is listening on port 5001[39m
2025-05-19 17:30:11:3011 [32minfo[39m: [32mConnected to MongoDB[39m
2025-05-19 17:30:11:3011 [32minfo[39m: [32mServer is listening on port 5001[39m
2025-05-19 17:30:22:3022 [32minfo[39m: [32mGET /api-docs/[39m
2025-05-19 17:30:22:3022 [32minfo[39m: [32mGET /api-docs/swagger-ui.css[39m
2025-05-19 17:30:22:3022 [32minfo[39m: [32mGET /api-docs/swagger-ui-bundle.js[39m
2025-05-19 17:30:22:3022 [32minfo[39m: [32mGET /api-docs/swagger-ui-standalone-preset.js[39m
2025-05-19 17:30:22:3022 [32minfo[39m: [32mGET /api-docs/swagger-ui-init.js[39m
2025-05-19 17:30:22:3022 [32minfo[39m: [32mGET /api-docs/favicon-32x32.png[39m
2025-05-19 17:31:23:3123 [32minfo[39m: [32mConnected to MongoDB[39m
2025-05-19 17:31:23:3123 [32minfo[39m: [32mServer is listening on port 5001[39m
2025-05-20 22:18:33:1833 [32minfo[39m: [32mConnected to MongoDB[39m
2025-05-20 22:18:33:1833 [32minfo[39m: [32mServer is listening on port 5001[39m
2025-05-20 22:18:41:1841 [32minfo[39m: [32mPOST /auth/login[39m
2025-05-20 22:22:26:2226 [32minfo[39m: [32mGET /api-docs/[39m
2025-05-20 22:22:26:2226 [32minfo[39m: [32mGET /api-docs/swagger-ui.css[39m
2025-05-20 22:22:26:2226 [32minfo[39m: [32mGET /api-docs/swagger-ui-bundle.js[39m
2025-05-20 22:22:26:2226 [32minfo[39m: [32mGET /api-docs/swagger-ui-standalone-preset.js[39m
2025-05-20 22:22:26:2226 [32minfo[39m: [32mGET /api-docs/swagger-ui-init.js[39m
2025-05-20 22:22:27:2227 [32minfo[39m: [32mGET /assets/favicon.ico[39m
2025-05-20 22:27:28:2728 [32minfo[39m: [32mConnected to MongoDB[39m
2025-05-20 22:27:28:2728 [32minfo[39m: [32mServer is listening on port 5001[39m
2025-05-20 22:27:40:2740 [32minfo[39m: [32mConnected to MongoDB[39m
2025-05-20 22:27:40:2740 [32minfo[39m: [32mServer is listening on port 5001[39m
2025-05-20 22:27:48:2748 [32minfo[39m: [32mConnected to MongoDB[39m
2025-05-20 22:27:48:2748 [32minfo[39m: [32mServer is listening on port 5001[39m
2025-05-20 22:27:59:2759 [32minfo[39m: [32mConnected to MongoDB[39m
2025-05-20 22:27:59:2759 [32minfo[39m: [32mServer is listening on port 5001[39m
2025-05-20 22:28:03:283 [32minfo[39m: [32mConnected to MongoDB[39m
2025-05-20 22:28:03:283 [32minfo[39m: [32mServer is listening on port 5001[39m
2025-05-20 22:28:16:2816 [32minfo[39m: [32mConnected to MongoDB[39m
2025-05-20 22:28:16:2816 [32minfo[39m: [32mServer is listening on port 5001[39m
2025-05-20 22:28:34:2834 [32minfo[39m: [32mConnected to MongoDB[39m
2025-05-20 22:28:34:2834 [32minfo[39m: [32mServer is listening on port 5001[39m
2025-05-20 22:28:43:2843 [32minfo[39m: [32mConnected to MongoDB[39m
2025-05-20 22:28:43:2843 [32minfo[39m: [32mServer is listening on port 5001[39m
2025-05-20 22:28:52:2852 [32minfo[39m: [32mConnected to MongoDB[39m
2025-05-20 22:28:52:2852 [32minfo[39m: [32mServer is listening on port 5001[39m
2025-05-20 22:29:00:290 [32minfo[39m: [32mConnected to MongoDB[39m
2025-05-20 22:29:00:290 [32minfo[39m: [32mServer is listening on port 5001[39m
2025-05-20 22:29:08:298 [32minfo[39m: [32mConnected to MongoDB[39m
2025-05-20 22:29:08:298 [32minfo[39m: [32mServer is listening on port 5001[39m
2025-05-20 22:29:37:2937 [32minfo[39m: [32mConnected to MongoDB[39m
2025-05-20 22:29:37:2937 [32minfo[39m: [32mServer is listening on port 5001[39m
2025-05-20 22:30:25:3025 [32minfo[39m: [32mConnected to MongoDB[39m
2025-05-20 22:30:25:3025 [32minfo[39m: [32mServer is listening on port 5001[39m
2025-05-20 22:30:57:3057 [32minfo[39m: [32mConnected to MongoDB[39m
2025-05-20 22:30:57:3057 [32minfo[39m: [32mServer is listening on port 5001[39m
2025-05-20 22:31:51:3151 [32minfo[39m: [32mConnected to MongoDB[39m
2025-05-20 22:31:51:3151 [32minfo[39m: [32mServer is listening on port 5001[39m
2025-05-20 22:31:58:3158 [32minfo[39m: [32mConnected to MongoDB[39m
2025-05-20 22:31:58:3158 [32minfo[39m: [32mServer is listening on port 5001[39m
2025-05-20 22:32:51:3251 [32minfo[39m: [32mConnected to MongoDB[39m
2025-05-20 22:32:51:3251 [32minfo[39m: [32mServer is listening on port 5001[39m
2025-05-20 22:32:59:3259 [32minfo[39m: [32mConnected to MongoDB[39m
2025-05-20 22:32:59:3259 [32minfo[39m: [32mServer is listening on port 5001[39m
2025-05-20 22:33:20:3320 [32minfo[39m: [32mConnected to MongoDB[39m
2025-05-20 22:33:20:3320 [32minfo[39m: [32mServer is listening on port 5001[39m
2025-05-20 22:33:23:3323 [32minfo[39m: [32mConnected to MongoDB[39m
2025-05-20 22:33:23:3323 [32minfo[39m: [32mServer is listening on port 5001[39m
2025-05-20 22:33:37:3337 [32minfo[39m: [32mConnected to MongoDB[39m
2025-05-20 22:33:37:3337 [32minfo[39m: [32mServer is listening on port 5001[39m
2025-05-20 22:33:44:3344 [32minfo[39m: [32mConnected to MongoDB[39m
2025-05-20 22:33:44:3344 [32minfo[39m: [32mServer is listening on port 5001[39m
2025-05-20 22:33:50:3350 [32minfo[39m: [32mConnected to MongoDB[39m
2025-05-20 22:33:50:3350 [32minfo[39m: [32mServer is listening on port 5001[39m
2025-05-20 22:33:59:3359 [32minfo[39m: [32mConnected to MongoDB[39m
2025-05-20 22:33:59:3359 [32minfo[39m: [32mServer is listening on port 5001[39m
2025-05-20 22:34:04:344 [32minfo[39m: [32mConnected to MongoDB[39m
2025-05-20 22:34:04:344 [32minfo[39m: [32mServer is listening on port 5001[39m
2025-05-20 22:34:14:3414 [32minfo[39m: [32mConnected to MongoDB[39m
2025-05-20 22:34:14:3414 [32minfo[39m: [32mServer is listening on port 5001[39m
2025-05-20 22:34:18:3418 [32minfo[39m: [32mConnected to MongoDB[39m
2025-05-20 22:34:18:3418 [32minfo[39m: [32mServer is listening on port 5001[39m
2025-05-20 22:34:39:3439 [32minfo[39m: [32mConnected to MongoDB[39m
2025-05-20 22:34:39:3439 [32minfo[39m: [32mServer is listening on port 5001[39m
2025-05-20 22:34:44:3444 [32minfo[39m: [32mConnected to MongoDB[39m
2025-05-20 22:34:44:3444 [32minfo[39m: [32mServer is listening on port 5001[39m
2025-05-20 22:34:56:3456 [32minfo[39m: [32mConnected to MongoDB[39m
2025-05-20 22:34:56:3456 [32minfo[39m: [32mServer is listening on port 5001[39m
2025-05-20 22:35:00:350 [32minfo[39m: [32mConnected to MongoDB[39m
2025-05-20 22:35:00:350 [32minfo[39m: [32mServer is listening on port 5001[39m
2025-05-20 22:35:10:3510 [32minfo[39m: [32mConnected to MongoDB[39m
2025-05-20 22:35:10:3510 [32minfo[39m: [32mServer is listening on port 5001[39m
2025-05-20 22:35:19:3519 [32minfo[39m: [32mConnected to MongoDB[39m
2025-05-20 22:35:19:3519 [32minfo[39m: [32mServer is listening on port 5001[39m
2025-05-20 22:35:28:3528 [32minfo[39m: [32mConnected to MongoDB[39m
2025-05-20 22:35:28:3528 [32minfo[39m: [32mServer is listening on port 5001[39m
2025-05-20 22:35:31:3531 [32minfo[39m: [32mConnected to MongoDB[39m
2025-05-20 22:35:31:3531 [32minfo[39m: [32mServer is listening on port 5001[39m
2025-05-20 22:44:23:4423 [32minfo[39m: [32mConnected to MongoDB[39m
2025-05-20 22:44:23:4423 [32minfo[39m: [32mServer is listening on port 5001[39m
2025-05-20 22:44:34:4434 [32minfo[39m: [32mConnected to MongoDB[39m
2025-05-20 22:44:34:4434 [32minfo[39m: [32mServer is listening on port 5001[39m
2025-05-20 22:44:40:4440 [32minfo[39m: [32mConnected to MongoDB[39m
2025-05-20 22:44:40:4440 [32minfo[39m: [32mServer is listening on port 5001[39m
2025-05-20 22:44:50:4450 [32minfo[39m: [32mConnected to MongoDB[39m
2025-05-20 22:44:50:4450 [32minfo[39m: [32mServer is listening on port 5001[39m
2025-05-20 22:44:55:4455 [32minfo[39m: [32mConnected to MongoDB[39m
2025-05-20 22:44:55:4455 [32minfo[39m: [32mServer is listening on port 5001[39m
2025-05-20 22:46:01:461 [32minfo[39m: [32mConnected to MongoDB[39m
2025-05-20 22:46:01:461 [32minfo[39m: [32mServer is listening on port 5001[39m
2025-05-20 22:46:14:4614 [32minfo[39m: [32mConnected to MongoDB[39m
2025-05-20 22:46:14:4614 [32minfo[39m: [32mServer is listening on port 5001[39m
2025-05-20 22:47:32:4732 [32minfo[39m: [32mReceived shutdown signal, closing server...[39m
2025-05-20 22:48:17:4817 [32minfo[39m: [32mConnected to MongoDB[39m
2025-05-20 22:48:17:4817 [32minfo[39m: [32mServer is listening on port 5001[39m
2025-05-20 22:48:17:4817 [32minfo[39m: [32mGET /api-docs/[39m
2025-05-20 22:48:17:4817 [32minfo[39m: [32mGET /api-docs/swagger-ui.css[39m
2025-05-20 22:48:17:4817 [32minfo[39m: [32mGET /api-docs/swagger-ui-standalone-preset.js[39m
2025-05-20 22:48:17:4817 [32minfo[39m: [32mGET /api-docs/swagger-ui-bundle.js[39m
2025-05-20 22:48:17:4817 [32minfo[39m: [32mGET /api-docs/swagger-ui-init.js[39m
2025-05-20 22:48:17:4817 [32minfo[39m: [32mGET /api-docs/swagger-ui-standalone-preset.js[39m
2025-05-20 22:48:17:4817 [32minfo[39m: [32mGET /api-docs/swagger-ui-init.js[39m
2025-05-20 22:48:17:4817 [32minfo[39m: [32mGET /api-docs/swagger-ui-bundle.js[39m
2025-05-20 22:49:16:4916 [32minfo[39m: [32mConnected to MongoDB[39m
2025-05-20 22:49:16:4916 [32minfo[39m: [32mServer is listening on port 5001[39m
2025-05-20 22:57:09:579 [32minfo[39m: [32mConnected to MongoDB[39m
2025-05-20 22:57:09:579 [32minfo[39m: [32mServer is listening on port 5001[39m
2025-05-20 23:06:00:60 [32minfo[39m: [32mPOST /auth/login[39m
2025-05-20 23:06:04:64 [32minfo[39m: [32mPOST /auth/login[39m
2025-05-20 23:06:11:611 [32minfo[39m: [32mPOST /auth/login[39m
2025-05-20 23:06:11:611 [32minfo[39m: [32mPOST /auth/login[39m
2025-05-20 23:06:11:611 [32minfo[39m: [32mPOST /auth/login[39m
2025-05-20 23:06:11:611 [32minfo[39m: [32mPOST /auth/login[39m
2025-05-20 23:06:13:613 [32minfo[39m: [32mPOST /auth/login[39m
2025-05-20 23:06:13:613 [32minfo[39m: [32mPOST /auth/login[39m
2025-05-20 23:06:15:615 [32minfo[39m: [32mPOST /auth/login[39m
2025-05-21 05:28:48:2848 [32minfo[39m: [32mConnected to MongoDB[39m
2025-05-21 05:28:48:2848 [32minfo[39m: [32mServer is listening on port 5001[39m
2025-05-21 05:33:34:3334 [32minfo[39m: [32mPOST /auth/register[39m
2025-05-21 05:33:49:3349 [32minfo[39m: [32mGET /users/search/tes[39m
2025-05-21 05:40:47:4047 [32minfo[39m: [32mGET /users/search/Te[39m
2025-05-21 05:41:02:412 [32minfo[39m: [32mGET /api-docs/[39m
2025-05-21 05:41:02:412 [32minfo[39m: [32mGET /api-docs/swagger-ui.css[39m
2025-05-21 05:41:02:412 [32minfo[39m: [32mGET /api-docs/swagger-ui-bundle.js[39m
2025-05-21 05:41:02:412 [32minfo[39m: [32mGET /api-docs/swagger-ui-init.js[39m
2025-05-21 05:41:02:412 [32minfo[39m: [32mGET /api-docs/swagger-ui-standalone-preset.js[39m
2025-05-21 05:41:02:412 [32minfo[39m: [32mGET /assets/favicon.ico[39m
2025-05-21 05:43:53:4353 [32minfo[39m: [32mConnected to MongoDB[39m
2025-05-21 05:43:53:4353 [32minfo[39m: [32mServer is listening on port 5001[39m
2025-05-21 05:44:24:4424 [32minfo[39m: [32mConnected to MongoDB[39m
2025-05-21 05:44:24:4424 [32minfo[39m: [32mServer is listening on port 5001[39m
2025-05-21 05:48:11:4811 [32minfo[39m: [32mConnected to MongoDB[39m
2025-05-21 05:48:11:4811 [32minfo[39m: [32mServer is listening on port 5001[39m
2025-05-21 05:48:21:4821 [32minfo[39m: [32mConnected to MongoDB[39m
2025-05-21 05:48:21:4821 [32minfo[39m: [32mServer is listening on port 5001[39m
2025-05-21 05:48:25:4825 [32minfo[39m: [32mGET /api-docs/[39m
2025-05-21 05:48:25:4825 [32minfo[39m: [32mGET /api-docs/swagger-ui.css[39m
2025-05-21 05:48:25:4825 [32minfo[39m: [32mGET /api-docs/swagger-ui-bundle.js[39m
2025-05-21 05:48:25:4825 [32minfo[39m: [32mGET /api-docs/swagger-ui-standalone-preset.js[39m
2025-05-21 05:48:25:4825 [32minfo[39m: [32mGET /api-docs/swagger-ui-init.js[39m
2025-05-21 06:00:14:014 [32minfo[39m: [32mGET /users/search/Te[39m
2025-05-21 06:00:15:015 [32minfo[39m: [32mPOST /chats/private[39m
2025-05-21 06:00:16:016 [32minfo[39m: [32mGET /messages/chat/682d1e9738a306cff1f60ff5?page=1&limit=20[39m
2025-05-21 06:00:20:020 [32minfo[39m: [32mPOST /messages[39m
2025-05-21 06:01:08:18 [32minfo[39m: [32mPOST /messages[39m
2025-05-21 06:02:19:219 [32minfo[39m: [32mPOST /chats/private[39m
2025-05-21 06:02:26:226 [32minfo[39m: [32mPOST /chats/private[39m
2025-05-21 06:02:27:227 [32minfo[39m: [32mGET /messages/chat/682d1f1b38a306cff1f61015?page=1&limit=20[39m
2025-05-21 06:02:39:239 [32minfo[39m: [32mPOST /chats/private[39m
2025-05-21 06:04:09:49 [32minfo[39m: [32mPOST /chats/private[39m
2025-05-21 06:04:10:410 [32minfo[39m: [32mGET /messages/chat/682d1f1b38a306cff1f61015?page=1&limit=20[39m
2025-05-21 06:13:03:133 [32minfo[39m: [32mPOST /chats/private[39m
2025-05-21 06:13:03:133 [32minfo[39m: [32mGET /messages/chat/682d1e9738a306cff1f60ff5?page=1&limit=20[39m
2025-05-21 06:13:08:138 [32minfo[39m: [32mPOST /chats/private[39m
2025-05-21 06:13:08:138 [32minfo[39m: [32mGET /messages/chat/682d1f1b38a306cff1f61015?page=1&limit=20[39m
2025-05-21 06:13:10:1310 [32minfo[39m: [32mPOST /chats/private[39m
2025-05-21 06:13:13:1313 [32minfo[39m: [32mPOST /messages[39m
2025-05-21 06:13:18:1318 [32minfo[39m: [32mPOST /chats/private[39m
2025-05-21 06:13:47:1347 [32minfo[39m: [32mPOST /chats/private[39m
2025-05-21 06:14:07:147 [32minfo[39m: [32mGET /users/search/Te[39m
2025-05-21 06:14:08:148 [32minfo[39m: [32mPOST /chats/private[39m
2025-05-21 06:14:08:148 [32minfo[39m: [32mGET /messages/chat/682d1e9738a306cff1f60ff5?page=1&limit=20[39m
2025-05-21 06:19:39:1939 [32minfo[39m: [32mPOST /chats/private[39m
2025-05-21 06:19:42:1942 [32minfo[39m: [32mPOST /messages[39m
2025-05-21 06:19:42:1942 [32minfo[39m: [32mGET /messages/chat/682d1e9738a306cff1f60ff5?page=1&limit=20[39m
2025-05-21 06:19:48:1948 [32minfo[39m: [32mPOST /chats/private[39m
2025-05-21 06:19:53:1953 [32minfo[39m: [32mPOST /chats/private[39m
2025-05-21 06:22:38:2238 [32minfo[39m: [32mPOST /chats/private[39m
2025-05-21 06:22:41:2241 [32minfo[39m: [32mPOST /messages[39m
2025-05-21 06:22:46:2246 [32minfo[39m: [32mPOST /chats/private[39m
2025-05-21 06:36:04:364 [32minfo[39m: [32mPOST /auth/register[39m
2025-05-21 06:36:09:369 [32minfo[39m: [32mGET /users/search/Te[39m
2025-05-21 06:36:13:3613 [32minfo[39m: [32mPOST /chats/private[39m
2025-05-21 06:36:13:3613 [32minfo[39m: [32mGET /messages/chat/682d270538a306cff1f610a5?page=1&limit=20[39m
2025-05-21 06:36:23:3623 [32minfo[39m: [32mGET /users/search/Te[39m
2025-05-21 06:36:54:3654 [32minfo[39m: [32mGET /users/search/Te[39m
2025-05-21 06:37:02:372 [32minfo[39m: [32mGET /users/search/Jen[39m
2025-05-21 06:37:04:374 [32minfo[39m: [32mPOST /chats/private[39m
2025-05-21 06:37:04:374 [32minfo[39m: [32mGET /messages/chat/682d270538a306cff1f610a5?page=1&limit=20[39m
2025-05-21 06:37:08:378 [32minfo[39m: [32mPOST /messages[39m
2025-05-21 06:37:11:3711 [32minfo[39m: [32mPOST /chats/private[39m
2025-05-21 06:37:16:3716 [32minfo[39m: [32mPOST /chats/private[39m
2025-05-21 06:37:30:3730 [32minfo[39m: [32mGET /users/search/Te[39m
2025-05-21 06:37:33:3733 [32minfo[39m: [32mGET /users/search/Jo[39m
2025-05-21 06:37:35:3735 [32minfo[39m: [32mPOST /chats/private[39m
2025-05-21 06:37:38:3738 [32minfo[39m: [32mPOST /messages[39m
2025-05-21 06:37:44:3744 [32minfo[39m: [32mPOST /chats/private[39m
2025-05-21 06:37:47:3747 [32minfo[39m: [32mPOST /chats/private[39m
2025-05-21 06:38:06:386 [32minfo[39m: [32mGET /users/search/Je[39m
2025-05-21 06:38:08:388 [32minfo[39m: [32mPOST /chats/private[39m
2025-05-21 06:38:08:388 [32minfo[39m: [32mGET /messages/chat/682d270538a306cff1f610a5?page=1&limit=20[39m
2025-05-21 06:38:09:389 [32minfo[39m: [32mPUT /messages/682d275a38a306cff1f610dd/status[39m
2025-05-21 06:38:20:3820 [32minfo[39m: [32mPOST /messages[39m
2025-05-21 06:39:41:3941 [32minfo[39m: [32mGET /users/search/Te[39m
2025-05-21 06:39:44:3944 [32minfo[39m: [32mPOST /chats/private[39m
2025-05-21 06:39:44:3944 [32minfo[39m: [32mGET /messages/chat/682d270538a306cff1f610a5?page=1&limit=20[39m
2025-05-21 06:39:44:3944 [32minfo[39m: [32mPUT /messages/682d273c38a306cff1f610bd/status[39m
2025-05-21 06:39:59:3959 [32minfo[39m: [32mPOST /messages[39m
2025-05-21 06:39:59:3959 [32minfo[39m: [32mPUT /messages/682d275a38a306cff1f610dd/status[39m
2025-05-21 06:40:13:4013 [32minfo[39m: [32mPOST /messages[39m
2025-05-21 06:40:13:4013 [32minfo[39m: [32mPUT /messages/682d273c38a306cff1f610bd/status[39m
2025-05-21 06:40:19:4019 [32minfo[39m: [32mPOST /chats/private[39m
2025-05-21 06:40:19:4019 [32minfo[39m: [32mPUT /messages/682d275a38a306cff1f610dd/status[39m
2025-05-21 06:40:22:4022 [32minfo[39m: [32mPOST /chats/private[39m
2025-05-21 06:40:22:4022 [32minfo[39m: [32mPUT /messages/682d275a38a306cff1f610dd/status[39m
2025-05-21 06:40:27:4027 [32minfo[39m: [32mPOST /chats/private[39m
2025-05-21 06:40:27:4027 [32minfo[39m: [32mPUT /messages/682d273c38a306cff1f610bd/status[39m
2025-05-21 06:40:52:4052 [32minfo[39m: [32mGET /users/search/Joh[39m
2025-05-21 06:40:53:4053 [32minfo[39m: [32mGET /users/search/John[39m
2025-05-21 06:40:55:4055 [32minfo[39m: [32mGET /users/search/Jo[39m
2025-05-21 06:40:57:4057 [32minfo[39m: [32mGET /users/search/T[39m
2025-05-21 06:41:00:410 [32minfo[39m: [32mGET /users/search/Jo[39m
2025-05-21 06:41:01:411 [32minfo[39m: [32mGET /users/search/J[39m
2025-05-21 06:41:03:413 [32minfo[39m: [32mGET /users/search/Te[39m
2025-05-21 06:41:05:415 [32minfo[39m: [32mGET /users/search/T[39m
2025-05-21 06:41:07:417 [32minfo[39m: [32mGET /users/search/Je[39m
2025-05-21 06:41:08:418 [32minfo[39m: [32mPOST /chats/private[39m
2025-05-21 06:41:08:418 [32minfo[39m: [32mGET /messages/chat/682d270538a306cff1f610a5?page=1&limit=20[39m
2025-05-21 06:41:09:419 [32minfo[39m: [32mPUT /messages/682d27f538a306cff1f6112c/status[39m
2025-05-21 06:41:09:419 [32minfo[39m: [32mPUT /messages/682d278438a306cff1f61105/status[39m
2025-05-21 06:41:17:4117 [32minfo[39m: [32mGET /users/search/Joh[39m
2025-05-21 06:41:18:4118 [32minfo[39m: [32mPOST /chats/private[39m
2025-05-21 06:41:18:4118 [32minfo[39m: [32mPUT /messages/682d273c38a306cff1f610bd/status[39m
2025-05-21 06:41:40:4140 [32minfo[39m: [32mPOST /messages[39m
2025-05-21 06:41:40:4140 [32minfo[39m: [32mPUT /messages/682d27f538a306cff1f6112c/status[39m
2025-05-21 06:41:40:4140 [32minfo[39m: [32mPUT /messages/682d278438a306cff1f61105/status[39m
2025-05-21 06:41:51:4151 [32minfo[39m: [32mPOST /chats/private[39m
2025-05-21 06:41:51:4151 [32minfo[39m: [32mPUT /messages/682d273c38a306cff1f610bd/status[39m
2025-05-21 06:41:59:4159 [32minfo[39m: [32mGET /users/search/J[39m
2025-05-21 06:42:00:420 [32minfo[39m: [32mGET /users/search/Jo[39m
2025-05-21 06:42:00:420 [32minfo[39m: [32mPOST /chats/private[39m
2025-05-21 06:42:00:420 [32minfo[39m: [32mPUT /messages/682d273c38a306cff1f610bd/status[39m
2025-05-21 06:42:07:427 [32minfo[39m: [32mPOST /auth/logout[39m
2025-05-21 06:42:27:4227 [32minfo[39m: [32mPOST /auth/login[39m
2025-05-21 06:42:31:4231 [32minfo[39m: [32mGET /users/search/Te[39m
2025-05-21 06:42:33:4233 [32minfo[39m: [32mGET /users/search/J[39m
2025-05-21 06:42:34:4234 [32minfo[39m: [32mGET /users/search/Jo[39m
2025-05-21 06:42:35:4235 [32minfo[39m: [32mGET /users/search/J[39m
2025-05-21 06:42:37:4237 [32minfo[39m: [32mPOST /chats/private[39m
2025-05-21 06:42:37:4237 [32minfo[39m: [32mPUT /messages/682d278438a306cff1f61105/status[39m
2025-05-21 06:42:43:4243 [32minfo[39m: [32mPOST /chats/private[39m
2025-05-21 06:42:43:4243 [32minfo[39m: [32mPUT /messages/682d278438a306cff1f61105/status[39m
